#
# There is insufficient memory for the Java Runtime Environment to continue.
# Native memory allocation (malloc) failed to allocate 1048576 bytes for AllocateHeap
# Possible reasons:
#   The system is out of physical RAM or swap space
#   In 32 bit mode, the process size limit was hit
# Possible solutions:
#   Reduce memory load on the system
#   Increase physical memory or swap space
#   Check if swap backing store is full
#   Use 64 bit Java on a 64 bit OS
#   Decrease Java heap size (-Xmx/-Xms)
#   Decrease number of Java threads
#   Decrease Java thread stack sizes (-Xss)
#   Set larger code cache with -XX:ReservedCodeCacheSize=
# This output file may be truncated or incomplete.
#
#  Out of Memory Error (memory/allocation.inline.hpp:61), pid=11632, tid=0x0000000000000c28
#
# JRE version:  (8.0_151-b12) (build )
# Java VM: Java HotSpot(TM) 64-Bit Server VM (25.151-b12 mixed mode windows-amd64 compressed oops)
# Failed to write core dump. Minidumps are not enabled by default on client versions of Windows
#

---------------  T H R E A D  ---------------

Current thread (0x000000000148e800):  JavaThread "Unknown thread" [_thread_in_vm, id=3112, stack(0x0000000003160000,0x0000000003260000)]

Stack: [0x0000000003160000,0x0000000003260000]
[error occurred during error reporting (printing stack bounds), id 0xc0000005]

Native frames: (J=compiled Java code, j=interpreted, Vv=VM code, C=native code)


---------------  P R O C E S S  ---------------

Java Threads: ( => current thread )

Other Threads:

=>0x000000000148e800 (exited) JavaThread "Unknown thread" [_thread_in_vm, id=3112, stack(0x0000000003160000,0x0000000003260000)]

VM state:not at safepoint (normal execution)

VM Mutex/Monitor currently owned by a thread: None

Heap:
 PSYoungGen      total 18432K, used 317K [0x00000000eb600000, 0x00000000eca80000, 0x0000000100000000)
  eden space 15872K, 2% used [0x00000000eb600000,0x00000000eb64f5d0,0x00000000ec580000)
  from space 2560K, 0% used [0x00000000ec800000,0x00000000ec800000,0x00000000eca80000)
  to   space 2560K, 0% used [0x00000000ec580000,0x00000000ec580000,0x00000000ec800000)
 ParOldGen       total 42496K, used 0K [0x00000000c2200000, 0x00000000c4b80000, 0x00000000eb600000)
  object space 42496K, 0% used [0x00000000c2200000,0x00000000c2200000,0x00000000c4b80000)
 Metaspace       used 770K, capacity 4480K, committed 4480K, reserved 1056768K
  class space    used 75K, capacity 384K, committed 384K, reserved 1048576K

Card table byte_map: [0x0000000012880000,0x0000000012a70000] byte_map_base: 0x000000001226f000

Marking Bits: (ParMarkBitMap*) 0x00000000704ed850
 Begin Bits: [0x0000000012fc0000, 0x0000000013f38000)
 End Bits:   [0x0000000013f38000, 0x0000000014eb0000)

Polling page: 0x0000000001420000

CodeCache: size=245760Kb used=328Kb max_used=328Kb free=245431Kb
 bounds [0x00000000034c0000, 0x0000000003730000, 0x00000000124c0000]
 total_blobs=58 nmethods=0 adapters=38
 compilation: enabled

Compilation events (0 events):
No events

GC Heap History (0 events):
No events

Deoptimization events (0 events):
No events

Internal exceptions (0 events):
No events

Events (10 events):
Event: 0.060 loading class java/lang/Short
Event: 0.060 loading class java/lang/Short done
Event: 0.060 loading class java/lang/Integer
Event: 0.060 loading class java/lang/Integer done
Event: 0.060 loading class java/lang/Long
Event: 0.060 loading class java/lang/Long done
Event: 0.062 loading class java/lang/NullPointerException
Event: 0.062 loading class java/lang/NullPointerException done
Event: 0.062 loading class java/lang/ArithmeticException
Event: 0.062 loading class java/lang/ArithmeticException done


Dynamic libraries:
0x00007ff763ce0000 - 0x00007ff763d17000 	C:\Program Files\Java\jdk1.8.0_151\bin\java.exe
0x00007ff96a9f0000 - 0x00007ff96abe5000 	C:\WINDOWS\SYSTEM32\ntdll.dll
0x00007ff96a6a0000 - 0x00007ff96a75d000 	C:\WINDOWS\System32\KERNEL32.DLL
0x00007ff968280000 - 0x00007ff968548000 	C:\WINDOWS\System32\KERNELBASE.dll
0x00007ff969b20000 - 0x00007ff969bcc000 	C:\WINDOWS\System32\ADVAPI32.dll
0x00007ff969660000 - 0x00007ff9696fe000 	C:\WINDOWS\System32\msvcrt.dll
0x00007ff969c20000 - 0x00007ff969cbb000 	C:\WINDOWS\System32\sechost.dll
0x00007ff96a880000 - 0x00007ff96a9ab000 	C:\WINDOWS\System32\RPCRT4.dll
0x00007ff96a500000 - 0x00007ff96a6a0000 	C:\WINDOWS\System32\USER32.dll
0x00007ff968550000 - 0x00007ff968572000 	C:\WINDOWS\System32\win32u.dll
0x00007ff969be0000 - 0x00007ff969c0a000 	C:\WINDOWS\System32\GDI32.dll
0x00007ff968730000 - 0x00007ff96883b000 	C:\WINDOWS\System32\gdi32full.dll
0x00007ff968130000 - 0x00007ff9681cd000 	C:\WINDOWS\System32\msvcp_win.dll
0x00007ff9688d0000 - 0x00007ff9689d0000 	C:\WINDOWS\System32\ucrtbase.dll
0x00007ff954c00000 - 0x00007ff954e9a000 	C:\WINDOWS\WinSxS\amd64_microsoft.windows.common-controls_6595b64144ccf1df_6.0.19041.1052_none_60b8f8fd71f5e8cb\COMCTL32.dll
0x00007ff969a90000 - 0x00007ff969ac0000 	C:\WINDOWS\System32\IMM32.DLL
0x0000000070570000 - 0x0000000070642000 	C:\Program Files\Java\jdk1.8.0_151\jre\bin\msvcr100.dll
0x000000006fcd0000 - 0x000000007056d000 	C:\Program Files\Java\jdk1.8.0_151\jre\bin\server\jvm.dll
0x00007ff969cc0000 - 0x00007ff969cc8000 	C:\WINDOWS\System32\PSAPI.DLL
0x00007ff94d8e0000 - 0x00007ff94d8e9000 	C:\WINDOWS\SYSTEM32\WSOCK32.dll
0x00007ff969d50000 - 0x00007ff969dbb000 	C:\WINDOWS\System32\WS2_32.dll
0x00007ff95c180000 - 0x00007ff95c18a000 	C:\WINDOWS\SYSTEM32\VERSION.dll
0x00007ff954bd0000 - 0x00007ff954bf7000 	C:\WINDOWS\SYSTEM32\WINMM.dll
0x000000006fcc0000 - 0x000000006fccf000 	C:\Program Files\Java\jdk1.8.0_151\jre\bin\verify.dll
0x000000006fc90000 - 0x000000006fcb9000 	C:\Program Files\Java\jdk1.8.0_151\jre\bin\java.dll
0x000000006fc00000 - 0x000000006fc23000 	C:\Program Files\Java\jdk1.8.0_151\jre\bin\instrument.dll
0x000000006fc70000 - 0x000000006fc86000 	C:\Program Files\Java\jdk1.8.0_151\jre\bin\zip.dll

VM Arguments:
jvm_args: -Dmaven.multiModuleProjectDirectory=D:\Code TCS\Code-intern\FS01-Training\samples\speedhome -Dmaven.home=D:\PhanMem\IntelliJ IDEA 2021.1.3\plugins\maven\lib\maven3 -Dclassworlds.conf=D:\PhanMem\IntelliJ IDEA 2021.1.3\plugins\maven\lib\maven3\bin\m2.conf -Dmaven.ext.class.path=D:\PhanMem\IntelliJ IDEA 2021.1.3\plugins\maven\lib\maven-event-listener.jar -javaagent:D:\PhanMem\IntelliJ IDEA 2021.1.3\lib\idea_rt.jar=62384:D:\PhanMem\IntelliJ IDEA 2021.1.3\bin -Dfile.encoding=UTF-8 
java_command: org.codehaus.classworlds.Launcher -Didea.version=2021.1.3 compile
java_class_path (initial): D:\PhanMem\IntelliJ IDEA 2021.1.3\plugins\maven\lib\maven3\boot\plexus-classworlds-2.6.0.jar;D:\PhanMem\IntelliJ IDEA 2021.1.3\plugins\maven\lib\maven3\boot\plexus-classworlds.license;D:\PhanMem\IntelliJ IDEA 2021.1.3\lib\idea_rt.jar
Launcher Type: SUN_STANDARD

Environment Variables:
JAVA_HOME=C:\Program Files\Java\jdk1.8.0_151
PATH=E:\ide_TCS\bin;C:\Program Files (x86)\Common Files\Oracle\Java\javapath;C:\Program Files\Python39\Scripts\;C:\Program Files\Python39\;C:\ProgramData\Oracle\Java\javapath;C:\WINDOWS\system32;C:\WINDOWS;C:\WINDOWS\System32\Wbem;C:\WINDOWS\System32\WindowsPowerShell\v1.0\;C:\Program Files\Java\jdk1.8.0_151\bin;F:\Git\cmd;C:\Program Files\nodejs\;C:\Program Files\Java\jdk1.8.0_151\bin;C:\WINDOWS\System32\OpenSSH\;D:\PhanMem\Git\cmd;%ZOOKEEPER_HOME%\bin;C:\Program Files\Docker\Docker\resources\bin;C:\ProgramData\DockerDesktop\version-bin;E:\ide_TCS\REDIS_DEMO;C:\Users\Administrator\AppData\Local\Microsoft\WindowsApps;;C:\Program Files\Azure Data Studio\bin;C:\Users\Administrator\AppData\Roaming\npm;C:\Users\Administrator\AppData\Local\Programs\Microsoft VS Code\bin;D:\PhanMem\IntelliJ IDEA 2021.1.3\bin;;E:\ide_TCS\DataGrip 2021.1.3\bin;
USERNAME=Administrator
OS=Windows_NT
PROCESSOR_IDENTIFIER=Intel64 Family 6 Model 78 Stepping 3, GenuineIntel



---------------  S Y S T E M  ---------------

OS: Windows 10.0 , 64 bit Build 19041 (10.0.19041.1023)

CPU:total 4 (initial active 4) (2 cores per cpu, 2 threads per core) family 6 model 78 stepping 3, cmov, cx8, fxsr, mmx, sse, sse2, sse3, ssse3, sse4.1, sse4.2, popcnt, avx, avx2, aes, clmul, erms, 3dnowpref, lzcnt, ht, tsc, tscinvbit, bmi1, bmi2, adx

Memory: 4k page, physical 4050496k(525708k free), swap 6793608k(5208k free)

vm_info: Java HotSpot(TM) 64-Bit Server VM (25.151-b12) for windows-amd64 JRE (1.8.0_151-b12), built on Sep  5 2017 19:33:46 by "java_re" with MS VC++ 10.0 (VS2010)

time: Sun Oct 03 21:06:47 2021
elapsed time: 0 seconds (0d 0h 0m 0s)

