#
# There is insufficient memory for the Java Runtime Environment to continue.
# Native memory allocation (malloc) failed to allocate 182352 bytes for Chunk::new
# Possible reasons:
#   The system is out of physical RAM or swap space
#   In 32 bit mode, the process size limit was hit
# Possible solutions:
#   Reduce memory load on the system
#   Increase physical memory or swap space
#   Check if swap backing store is full
#   Use 64 bit Java on a 64 bit OS
#   Decrease Java heap size (-Xmx/-Xms)
#   Decrease number of Java threads
#   Decrease Java thread stack sizes (-Xss)
#   Set larger code cache with -XX:ReservedCodeCacheSize=
# This output file may be truncated or incomplete.
#
#  Out of Memory Error (allocation.cpp:390), pid=11568, tid=0x0000000000000700
#
# JRE version: Java(TM) SE Runtime Environment (8.0_151-b12) (build 1.8.0_151-b12)
# Java VM: Java HotSpot(TM) 64-Bit Server VM (25.151-b12 mixed mode windows-amd64 compressed oops)
# Failed to write core dump. Minidumps are not enabled by default on client versions of Windows
#

---------------  T H R E A D  ---------------

Current thread (0x0000000014bee800):  JavaThread "C2 CompilerThread1" daemon [_thread_in_native, id=1792, stack(0x00000000167f0000,0x00000000168f0000)]

Stack: [0x00000000167f0000,0x00000000168f0000]
[error occurred during error reporting (printing stack bounds), id 0xc0000005]

Native frames: (J=compiled Java code, j=interpreted, Vv=VM code, C=native code)


Current CompileTask:
C2:   2197  491  s!   4       sun.misc.URLClassPath::getLoader (243 bytes)


---------------  P R O C E S S  ---------------

Java Threads: ( => current thread )
  0x000000001625f800 JavaThread "Service Thread" daemon [_thread_blocked, id=2044, stack(0x00000000169f0000,0x0000000016af0000)]
  0x0000000016259000 JavaThread "C1 CompilerThread2" daemon [_thread_blocked, id=11004, stack(0x00000000168f0000,0x00000000169f0000)]
=>0x0000000014bee800 JavaThread "C2 CompilerThread1" daemon [_thread_in_native, id=1792, stack(0x00000000167f0000,0x00000000168f0000)]
  0x0000000014bc7800 JavaThread "C2 CompilerThread0" daemon [_thread_in_native, id=632, stack(0x00000000166f0000,0x00000000167f0000)]
  0x0000000016223000 JavaThread "Monitor Ctrl-Break" daemon [_thread_in_native, id=8096, stack(0x00000000165f0000,0x00000000166f0000)]
  0x0000000014b8d800 JavaThread "Attach Listener" daemon [_thread_blocked, id=10952, stack(0x00000000160e0000,0x00000000161e0000)]
  0x0000000014b8c000 JavaThread "Signal Dispatcher" daemon [_thread_blocked, id=1636, stack(0x0000000015fe0000,0x00000000160e0000)]
  0x0000000014b7a000 JavaThread "Finalizer" daemon [_thread_blocked, id=2088, stack(0x0000000015de0000,0x0000000015ee0000)]
  0x0000000014b59000 JavaThread "Reference Handler" daemon [_thread_blocked, id=9996, stack(0x0000000015ce0000,0x0000000015de0000)]
  0x000000000223e000 JavaThread "main" [_thread_in_native, id=6844, stack(0x0000000002280000,0x0000000002380000)]

Other Threads:
  0x0000000014b57000 VMThread [stack: 0x0000000015be0000,0x0000000015ce0000] [id=10384]
  0x00000000162cd000 WatcherThread [stack: 0x0000000016af0000,0x0000000016bf0000] [id=3040]

VM state:not at safepoint (normal execution)

VM Mutex/Monitor currently owned by a thread: None

Heap:
 PSYoungGen      total 18432K, used 9553K [0x00000000eb600000, 0x00000000eca80000, 0x0000000100000000)
  eden space 15872K, 49% used [0x00000000eb600000,0x00000000ebdaf328,0x00000000ec580000)
  from space 2560K, 65% used [0x00000000ec580000,0x00000000ec725328,0x00000000ec800000)
  to   space 2560K, 0% used [0x00000000ec800000,0x00000000ec800000,0x00000000eca80000)
 ParOldGen       total 42496K, used 8K [0x00000000c2200000, 0x00000000c4b80000, 0x00000000eb600000)
  object space 42496K, 0% used [0x00000000c2200000,0x00000000c2202000,0x00000000c4b80000)
 Metaspace       used 5380K, capacity 5556K, committed 5888K, reserved 1056768K
  class space    used 603K, capacity 682K, committed 768K, reserved 1048576K

Card table byte_map: [0x00000000119b0000,0x0000000011ba0000] byte_map_base: 0x000000001139f000

Marking Bits: (ParMarkBitMap*) 0x0000000051c1d850
 Begin Bits: [0x00000000120f0000, 0x0000000013068000)
 End Bits:   [0x0000000013068000, 0x0000000013fe0000)

Polling page: 0x0000000002380000

CodeCache: size=245760Kb used=2384Kb max_used=2384Kb free=243375Kb
 bounds [0x00000000025f0000, 0x0000000002860000, 0x00000000115f0000]
 total_blobs=799 nmethods=515 adapters=197
 compilation: enabled

Compilation events (10 events):
Event: 2.179 Thread 0x0000000016259000 nmethod 507 0x000000000283d750 code [0x000000000283d8c0, 0x000000000283da28]
Event: 2.179 Thread 0x0000000016259000  508       3       sun.misc.URLClassPath$JarLoader::findResource (18 bytes)
Event: 2.179 Thread 0x0000000016259000 nmethod 508 0x000000000283db10 code [0x000000000283dc80, 0x000000000283df18]
Event: 2.181 Thread 0x0000000016259000  509       3       java.util.zip.ZipFile::access$1000 (6 bytes)
Event: 2.181 Thread 0x0000000016259000 nmethod 509 0x000000000283e010 code [0x000000000283e180, 0x000000000283e2e8]
Event: 2.181 Thread 0x0000000016259000  510       3       java.lang.String::equalsIgnoreCase (48 bytes)
Event: 2.182 Thread 0x0000000016259000 nmethod 510 0x000000000283e390 code [0x000000000283e500, 0x000000000283e868]
Event: 2.182 Thread 0x0000000016259000  511       3       java.util.zip.ZipEntry::<init> (43 bytes)
Event: 2.182 Thread 0x0000000016259000 nmethod 511 0x000000000283e990 code [0x000000000283eae0, 0x000000000283ecf0]
Event: 2.182 Thread 0x0000000016259000  512       3       java.util.zip.ZipCoder::toString (190 bytes)

GC Heap History (2 events):
Event: 1.406 GC heap before
{Heap before GC invocations=1 (full 0):
 PSYoungGen      total 18432K, used 15872K [0x00000000eb600000, 0x00000000eca80000, 0x0000000100000000)
  eden space 15872K, 100% used [0x00000000eb600000,0x00000000ec580000,0x00000000ec580000)
  from space 2560K, 0% used [0x00000000ec800000,0x00000000ec800000,0x00000000eca80000)
  to   space 2560K, 0% used [0x00000000ec580000,0x00000000ec580000,0x00000000ec800000)
 ParOldGen       total 42496K, used 0K [0x00000000c2200000, 0x00000000c4b80000, 0x00000000eb600000)
  object space 42496K, 0% used [0x00000000c2200000,0x00000000c2200000,0x00000000c4b80000)
 Metaspace       used 3582K, capacity 4566K, committed 4864K, reserved 1056768K
  class space    used 382K, capacity 390K, committed 512K, reserved 1048576K
Event: 1.410 GC heap after
Heap after GC invocations=1 (full 0):
 PSYoungGen      total 18432K, used 1684K [0x00000000eb600000, 0x00000000eca80000, 0x0000000100000000)
  eden space 15872K, 0% used [0x00000000eb600000,0x00000000eb600000,0x00000000ec580000)
  from space 2560K, 65% used [0x00000000ec580000,0x00000000ec725328,0x00000000ec800000)
  to   space 2560K, 0% used [0x00000000ec800000,0x00000000ec800000,0x00000000eca80000)
 ParOldGen       total 42496K, used 8K [0x00000000c2200000, 0x00000000c4b80000, 0x00000000eb600000)
  object space 42496K, 0% used [0x00000000c2200000,0x00000000c2202000,0x00000000c4b80000)
 Metaspace       used 3582K, capacity 4566K, committed 4864K, reserved 1056768K
  class space    used 382K, capacity 390K, committed 512K, reserved 1048576K
}

Deoptimization events (2 events):
Event: 1.349 Thread 0x000000000223e000 Uncommon trap: reason=unstable_if action=reinterpret pc=0x00000000027625e8 method=java.io.WinNTFileSystem.normalize(Ljava/lang/String;II)Ljava/lang/String; @ 90
Event: 2.098 Thread 0x000000000223e000 Uncommon trap: reason=unstable_if action=reinterpret pc=0x000000000281efb0 method=java.lang.String.indexOf([CII[CIII)I @ 3

Internal exceptions (10 events):
Event: 1.579 Thread 0x000000000223e000 Exception <a 'java/security/PrivilegedActionException'> (0x00000000eb77e868) thrown at [C:\re\workspace\8-2-build-windows-amd64-cygwin\jdk8u151\9699\hotspot\src\share\vm\prims\jvm.cpp, line 1390]
Event: 1.579 Thread 0x000000000223e000 Exception <a 'java/security/PrivilegedActionException'> (0x00000000eb77ea78) thrown at [C:\re\workspace\8-2-build-windows-amd64-cygwin\jdk8u151\9699\hotspot\src\share\vm\prims\jvm.cpp, line 1390]
Event: 1.579 Thread 0x000000000223e000 Exception <a 'java/security/PrivilegedActionException'> (0x00000000eb77ff08) thrown at [C:\re\workspace\8-2-build-windows-amd64-cygwin\jdk8u151\9699\hotspot\src\share\vm\prims\jvm.cpp, line 1390]
Event: 1.579 Thread 0x000000000223e000 Exception <a 'java/security/PrivilegedActionException'> (0x00000000eb780118) thrown at [C:\re\workspace\8-2-build-windows-amd64-cygwin\jdk8u151\9699\hotspot\src\share\vm\prims\jvm.cpp, line 1390]
Event: 1.742 Thread 0x000000000223e000 Exception <a 'java/lang/NoSuchFieldError': method resolution failed> (0x00000000eba362f0) thrown at [C:\re\workspace\8-2-build-windows-amd64-cygwin\jdk8u151\9699\hotspot\src\share\vm\prims\methodHandles.cpp, line 1146]
Event: 1.767 Thread 0x000000000223e000 Exception <a 'java/lang/NoSuchFieldError': method resolution failed> (0x00000000eba44138) thrown at [C:\re\workspace\8-2-build-windows-amd64-cygwin\jdk8u151\9699\hotspot\src\share\vm\prims\methodHandles.cpp, line 1146]
Event: 2.168 Thread 0x000000000223e000 Exception <a 'java/security/PrivilegedActionException'> (0x00000000ebce1d08) thrown at [C:\re\workspace\8-2-build-windows-amd64-cygwin\jdk8u151\9699\hotspot\src\share\vm\prims\jvm.cpp, line 1390]
Event: 2.169 Thread 0x000000000223e000 Exception <a 'java/security/PrivilegedActionException'> (0x00000000ebce1f18) thrown at [C:\re\workspace\8-2-build-windows-amd64-cygwin\jdk8u151\9699\hotspot\src\share\vm\prims\jvm.cpp, line 1390]
Event: 2.171 Thread 0x000000000223e000 Exception <a 'java/security/PrivilegedActionException'> (0x00000000ebce5e28) thrown at [C:\re\workspace\8-2-build-windows-amd64-cygwin\jdk8u151\9699\hotspot\src\share\vm\prims\jvm.cpp, line 1390]
Event: 2.171 Thread 0x000000000223e000 Exception <a 'java/security/PrivilegedActionException'> (0x00000000ebce6038) thrown at [C:\re\workspace\8-2-build-windows-amd64-cygwin\jdk8u151\9699\hotspot\src\share\vm\prims\jvm.cpp, line 1390]

Events (10 events):
Event: 2.174 loading class sun/net/www/protocol/jar/URLJarFile$URLJarFileEntry
Event: 2.174 loading class sun/net/www/protocol/jar/URLJarFile$URLJarFileEntry done
Event: 2.175 loading class sun/net/www/protocol/jar/JarURLConnection$JarURLInputStream
Event: 2.175 loading class sun/net/www/protocol/jar/JarURLConnection$JarURLInputStream done
Event: 2.175 loading class org/junit/vintage/engine/VintageTestEngine
Event: 2.175 loading class org/junit/vintage/engine/VintageTestEngine done
Event: 2.179 loading class java/util/jar/JarFile$JarEntryIterator
Event: 2.180 loading class java/util/jar/JarFile$JarEntryIterator done
Event: 2.180 loading class java/util/zip/ZipFile$ZipEntryIterator
Event: 2.180 loading class java/util/zip/ZipFile$ZipEntryIterator done


Dynamic libraries:
0x00007ff62c8a0000 - 0x00007ff62c8d7000 	C:\Program Files\Java\jdk1.8.0_151\bin\java.exe
0x00007ffd5e730000 - 0x00007ffd5e925000 	C:\WINDOWS\SYSTEM32\ntdll.dll
0x00007ffd5e1c0000 - 0x00007ffd5e27d000 	C:\WINDOWS\System32\KERNEL32.DLL
0x00007ffd5c020000 - 0x00007ffd5c2e8000 	C:\WINDOWS\System32\KERNELBASE.dll
0x00007ffd5e640000 - 0x00007ffd5e6ec000 	C:\WINDOWS\System32\ADVAPI32.dll
0x00007ffd5d8b0000 - 0x00007ffd5d94e000 	C:\WINDOWS\System32\msvcrt.dll
0x00007ffd5e120000 - 0x00007ffd5e1bb000 	C:\WINDOWS\System32\sechost.dll
0x00007ffd5e290000 - 0x00007ffd5e3bb000 	C:\WINDOWS\System32\RPCRT4.dll
0x00007ffd5d9c0000 - 0x00007ffd5db60000 	C:\WINDOWS\System32\USER32.dll
0x00007ffd5c4e0000 - 0x00007ffd5c502000 	C:\WINDOWS\System32\win32u.dll
0x00007ffd5d040000 - 0x00007ffd5d06a000 	C:\WINDOWS\System32\GDI32.dll
0x00007ffd5bf10000 - 0x00007ffd5c01b000 	C:\WINDOWS\System32\gdi32full.dll
0x00007ffd5be70000 - 0x00007ffd5bf0d000 	C:\WINDOWS\System32\msvcp_win.dll
0x00007ffd5c3e0000 - 0x00007ffd5c4e0000 	C:\WINDOWS\System32\ucrtbase.dll
0x00007ffd48d40000 - 0x00007ffd48fda000 	C:\WINDOWS\WinSxS\amd64_microsoft.windows.common-controls_6595b64144ccf1df_6.0.19041.1052_none_60b8f8fd71f5e8cb\COMCTL32.dll
0x00007ffd5cf40000 - 0x00007ffd5cf70000 	C:\WINDOWS\System32\IMM32.DLL
0x0000000051ca0000 - 0x0000000051d72000 	C:\Program Files\Java\jdk1.8.0_151\jre\bin\msvcr100.dll
0x0000000051400000 - 0x0000000051c9d000 	C:\Program Files\Java\jdk1.8.0_151\jre\bin\server\jvm.dll
0x00007ffd5d9b0000 - 0x00007ffd5d9b8000 	C:\WINDOWS\System32\PSAPI.DLL
0x00007ffd47a00000 - 0x00007ffd47a09000 	C:\WINDOWS\SYSTEM32\WSOCK32.dll
0x00007ffd5d830000 - 0x00007ffd5d89b000 	C:\WINDOWS\System32\WS2_32.dll
0x00007ffd49a50000 - 0x00007ffd49a77000 	C:\WINDOWS\SYSTEM32\WINMM.dll
0x00007ffd54730000 - 0x00007ffd5473a000 	C:\WINDOWS\SYSTEM32\VERSION.dll
0x00000000513f0000 - 0x00000000513ff000 	C:\Program Files\Java\jdk1.8.0_151\jre\bin\verify.dll
0x00000000513c0000 - 0x00000000513e9000 	C:\Program Files\Java\jdk1.8.0_151\jre\bin\java.dll
0x0000000051330000 - 0x0000000051353000 	C:\Program Files\Java\jdk1.8.0_151\jre\bin\instrument.dll
0x00000000513a0000 - 0x00000000513b6000 	C:\Program Files\Java\jdk1.8.0_151\jre\bin\zip.dll
0x00007ffd5c7a0000 - 0x00007ffd5cedf000 	C:\WINDOWS\System32\SHELL32.dll
0x00007ffd59f80000 - 0x00007ffd5a710000 	C:\WINDOWS\SYSTEM32\windows.storage.dll
0x00007ffd5d3f0000 - 0x00007ffd5d745000 	C:\WINDOWS\System32\combase.dll
0x00007ffd5b7a0000 - 0x00007ffd5b7cc000 	C:\WINDOWS\SYSTEM32\Wldp.dll
0x00007ffd5e3c0000 - 0x00007ffd5e46e000 	C:\WINDOWS\System32\SHCORE.dll
0x00007ffd5e5e0000 - 0x00007ffd5e635000 	C:\WINDOWS\System32\shlwapi.dll
0x00007ffd5bdb0000 - 0x00007ffd5bdcf000 	C:\WINDOWS\SYSTEM32\profapi.dll
0x00007ffd56940000 - 0x00007ffd5695a000 	D:\PhanMem\IntelliJ IDEA 2021.1.3\bin\breakgen64.dll
0x0000000051380000 - 0x000000005139a000 	C:\Program Files\Java\jdk1.8.0_151\jre\bin\net.dll
0x00007ffd5b520000 - 0x00007ffd5b58a000 	C:\WINDOWS\system32\mswsock.dll

VM Arguments:
jvm_args: -ea -Didea.test.cyclic.buffer.size=1048576 -javaagent:D:\PhanMem\IntelliJ IDEA 2021.1.3\lib\idea_rt.jar=52031:D:\PhanMem\IntelliJ IDEA 2021.1.3\bin -Dfile.encoding=UTF-8 
java_command: com.intellij.rt.junit.JUnitStarter -ideVersion5 -junit5 com.speedhome.poc.service.api.PostControllerTest,addPost
java_class_path (initial): C:\Users\Administrator\AppData\Local\Temp\classpath1711719900.jar;D:\PhanMem\IntelliJ IDEA 2021.1.3\lib\idea_rt.jar
Launcher Type: SUN_STANDARD

Environment Variables:
JAVA_HOME=C:\Program Files\Java\jdk1.8.0_151
PATH=E:\ide_TCS\bin;C:\Program Files (x86)\Common Files\Oracle\Java\javapath;C:\Program Files\Python39\Scripts\;C:\Program Files\Python39\;C:\ProgramData\Oracle\Java\javapath;C:\WINDOWS\system32;C:\WINDOWS;C:\WINDOWS\System32\Wbem;C:\WINDOWS\System32\WindowsPowerShell\v1.0\;C:\Program Files\Java\jdk1.8.0_151\bin;F:\Git\cmd;C:\Program Files\nodejs\;C:\Program Files\Java\jdk1.8.0_151\bin;C:\WINDOWS\System32\OpenSSH\;D:\PhanMem\Git\cmd;%ZOOKEEPER_HOME%\bin;C:\Program Files\Docker\Docker\resources\bin;C:\ProgramData\DockerDesktop\version-bin;E:\ide_TCS\REDIS_DEMO;C:\Users\Administrator\AppData\Local\Microsoft\WindowsApps;;C:\Program Files\Azure Data Studio\bin;C:\Users\Administrator\AppData\Roaming\npm;C:\Users\Administrator\AppData\Local\Programs\Microsoft VS Code\bin;D:\PhanMem\IntelliJ IDEA 2021.1.3\bin;;E:\ide_TCS\DataGrip 2021.1.3\bin;
USERNAME=Administrator
OS=Windows_NT
PROCESSOR_IDENTIFIER=Intel64 Family 6 Model 78 Stepping 3, GenuineIntel



---------------  S Y S T E M  ---------------

OS: Windows 10.0 , 64 bit Build 19041 (10.0.19041.1023)

CPU:total 4 (initial active 4) (2 cores per cpu, 2 threads per core) family 6 model 78 stepping 3, cmov, cx8, fxsr, mmx, sse, sse2, sse3, ssse3, sse4.1, sse4.2, popcnt, avx, avx2, aes, clmul, erms, 3dnowpref, lzcnt, ht, tsc, tscinvbit, bmi1, bmi2, adx

Memory: 4k page, physical 4050496k(432560k free), swap 7341920k(2660k free)

vm_info: Java HotSpot(TM) 64-Bit Server VM (25.151-b12) for windows-amd64 JRE (1.8.0_151-b12), built on Sep  5 2017 19:33:46 by "java_re" with MS VC++ 10.0 (VS2010)

time: Sun Oct 03 15:48:09 2021
elapsed time: 2 seconds (0d 0h 0m 2s)

